<?xml version="1.0" encoding="UTF-8"?>
<!-- Generated by org.testng.reporters.JUnitReportReporter -->
<testsuite skipped="0" hostname="DESKTOP-GHANSI5" name="script.InvalidLogin" tests="1" failures="0" timestamp="15 Nov 2017 16:51:16 GMT" time="13.446" errors="0">
  <testcase name="testInvalidLogin" time="13.446" classname="script.InvalidLogin"/>
</testsuite> <!-- script.InvalidLogin -->
