<?xml version="1.0" encoding="UTF-8"?>
<!-- Generated by org.testng.reporters.JUnitReportReporter -->
<testsuite skipped="0" hostname="DESKTOP-GHANSI5" name="script.ValidLogin" tests="1" failures="0" timestamp="15 Nov 2017 16:51:16 GMT" time="11.096" errors="0">
  <testcase name="testValidLogin" time="11.096" classname="script.ValidLogin"/>
</testsuite> <!-- script.ValidLogin -->
