<?xml version="1.0" encoding="UTF-8"?>
<!-- Generated by org.testng.reporters.JUnitReportReporter -->
<testsuite skipped="0" hostname="DESKTOP-GHANSI5" name="script.VerifyVersion" tests="2" failures="0" timestamp="16 Nov 2017 07:48:25 GMT" time="56.871" errors="0">
  <testcase name="testVerifyVersion" time="22.156" classname="script.VerifyVersion"/>
  <testcase name="testVerifyVersion" time="34.715" classname="script.VerifyVersion"/>
</testsuite> <!-- script.VerifyVersion -->
