<?xml version="1.0" encoding="UTF-8"?>
<!-- Generated by org.testng.reporters.JUnitReportReporter -->
<testsuite name="script.VerifyVersion" tests="2" time="119.418" ignored="2" failures="0" timestamp="16 Nov 2017 08:01:17 GMT" skipped="0" hostname="DESKTOP-GHANSI5" errors="0">
  <testcase name="testVerifyVersion" time="26.630" classname="script.VerifyVersion"/>
  <testcase name="testVerifyVersion" time="92.788" classname="script.VerifyVersion"/>
  <testcase name="testInvalidLogin" classname="script.InvalidLogin">
    <skipped/>
  </testcase> <!-- testInvalidLogin -->
  <testcase name="testValidLogin" classname="script.ValidLogin">
    <skipped/>
  </testcase> <!-- testValidLogin -->
</testsuite> <!-- script.VerifyVersion -->
